c:\users\limja\documents\github\csci-576-starter-code\imagedisplay_c++_windows\debug\vc143.pdb
c:\users\limja\documents\github\csci-576-starter-code\imagedisplay_c++_windows\debug\quantization.obj
c:\users\limja\documents\github\csci-576-starter-code\imagedisplay_c++_windows\debug\main.obj
c:\users\limja\documents\github\csci-576-starter-code\imagedisplay_c++_windows\debug\image.obj
c:\users\limja\documents\github\csci-576-starter-code\imagedisplay_c++_windows\debug\compression.obj
c:\users\limja\documents\github\csci-576-starter-code\imagedisplay_c++_windows\debug\image.res
c:\users\limja\documents\github\csci-576-starter-code\imagedisplay_c++_windows\debug\image.pdb
c:\users\limja\documents\github\csci-576-starter-code\imagedisplay_c++_windows\debug\image.tlog\cl.command.1.tlog
c:\users\limja\documents\github\csci-576-starter-code\imagedisplay_c++_windows\debug\image.tlog\cl.read.1.tlog
c:\users\limja\documents\github\csci-576-starter-code\imagedisplay_c++_windows\debug\image.tlog\cl.write.1.tlog
c:\users\limja\documents\github\csci-576-starter-code\imagedisplay_c++_windows\debug\image.tlog\link-cvtres.read.1.tlog
c:\users\limja\documents\github\csci-576-starter-code\imagedisplay_c++_windows\debug\image.tlog\link-cvtres.write.1.tlog
c:\users\limja\documents\github\csci-576-starter-code\imagedisplay_c++_windows\debug\image.tlog\link-mt.read.1.tlog
c:\users\limja\documents\github\csci-576-starter-code\imagedisplay_c++_windows\debug\image.tlog\link-mt.write.1.tlog
c:\users\limja\documents\github\csci-576-starter-code\imagedisplay_c++_windows\debug\image.tlog\link-rc.read.1.tlog
c:\users\limja\documents\github\csci-576-starter-code\imagedisplay_c++_windows\debug\image.tlog\link-rc.write.1.tlog
c:\users\limja\documents\github\csci-576-starter-code\imagedisplay_c++_windows\debug\image.tlog\link.command.1.tlog
c:\users\limja\documents\github\csci-576-starter-code\imagedisplay_c++_windows\debug\image.tlog\link.read.1.tlog
c:\users\limja\documents\github\csci-576-starter-code\imagedisplay_c++_windows\debug\image.tlog\link.write.1.tlog
c:\users\limja\documents\github\csci-576-starter-code\imagedisplay_c++_windows\debug\image.tlog\rc.command.1.tlog
c:\users\limja\documents\github\csci-576-starter-code\imagedisplay_c++_windows\debug\image.tlog\rc.read.1.tlog
c:\users\limja\documents\github\csci-576-starter-code\imagedisplay_c++_windows\debug\image.tlog\rc.write.1.tlog
